{"/Users/chungminhtu/Desktop/jest-angular-14/src/app/app.component.html": {"path":"/Users/chungminhtu/Desktop/jest-angular-14/src/app/app.component.html","statementMap":{"0":{"start":{"line":1,"column":0},"end":{"line":1,"column":108}}},"fnMap":{},"branchMap":{},"s":{"0":1},"f":{},"b":{},"_coverageSchema":"1a1c01bbd47fc00a2c39e90264f33305004495a9","hash":"8a4ad38455f2f39824f28f888de4b2de7947857f"}
,"/Users/chungminhtu/Desktop/jest-angular-14/src/app/app.component.ts": {"path":"/Users/chungminhtu/Desktop/jest-angular-14/src/app/app.component.ts","statementMap":{"0":{"start":{"line":1,"column":0},"end":{"line":1,"column":51}},"1":{"start":{"line":9,"column":2},"end":{"line":9,"column":36}},"2":{"start":{"line":8,"column":13},"end":{"line":8,"column":null}},"3":{"start":{"line":8,"column":13},"end":{"line":8,"column":25}}},"fnMap":{"0":{"name":"(anonymous_0)","decl":{"start":{"line":8,"column":7},"end":{"line":8,"column":13}},"loc":{"start":{"line":8,"column":7},"end":{"line":10,"column":1}}}},"branchMap":{},"s":{"0":1,"1":1,"2":1,"3":1},"f":{"0":1},"b":{}}
,"/Users/chungminhtu/Desktop/jest-angular-14/src/app/flight-info.component.ts": {"path":"/Users/chungminhtu/Desktop/jest-angular-14/src/app/flight-info.component.ts","statementMap":{"0":{"start":{"line":1,"column":0},"end":{"line":1,"column":49}},"1":{"start":{"line":19,"column":13},"end":{"line":19,"column":null}},"2":{"start":{"line":19,"column":13},"end":{"line":19,"column":32}}},"fnMap":{},"branchMap":{},"s":{"0":1,"1":1,"2":1},"f":{},"b":{}}
,"/Users/chungminhtu/Desktop/jest-angular-14/src/app/flight-list.service.ts": {"path":"/Users/chungminhtu/Desktop/jest-angular-14/src/app/flight-list.service.ts","statementMap":{"0":{"start":{"line":1,"column":0},"end":{"line":1,"column":43}},"1":{"start":{"line":2,"column":0},"end":{"line":2,"column":50}},"2":{"start":{"line":6,"column":22},"end":{"line":6,"column":39}},"3":{"start":{"line":8,"column":4},"end":{"line":51,"column":6}},"4":{"start":{"line":55,"column":4},"end":{"line":57,"column":6}},"5":{"start":{"line":61,"column":19},"end":{"line":62,"column":null}},"6":{"start":{"line":62,"column":12},"end":{"line":62,"column":72}},"7":{"start":{"line":64,"column":4},"end":{"line":64,"column":42}},"8":{"start":{"line":5,"column":13},"end":{"line":5,"column":null}},"9":{"start":{"line":5,"column":13},"end":{"line":5,"column":30}}},"fnMap":{"0":{"name":"(anonymous_0)","decl":{"start":{"line":6,"column":2},"end":{"line":6,"column":22}},"loc":{"start":{"line":6,"column":39},"end":{"line":6,"column":43}}},"1":{"name":"(anonymous_1)","decl":{"start":{"line":7,"column":9},"end":{"line":7,"column":13}},"loc":{"start":{"line":7,"column":13},"end":{"line":52,"column":3}}},"2":{"name":"(anonymous_2)","decl":{"start":{"line":54,"column":9},"end":{"line":54,"column":16}},"loc":{"start":{"line":54,"column":16},"end":{"line":58,"column":3}}},"3":{"name":"(anonymous_3)","decl":{"start":{"line":60,"column":9},"end":{"line":60,"column":15}},"loc":{"start":{"line":60,"column":38},"end":{"line":65,"column":3}}},"4":{"name":"(anonymous_4)","decl":{"start":{"line":62,"column":6},"end":{"line":62,"column":8}},"loc":{"start":{"line":62,"column":12},"end":{"line":62,"column":72}}}},"branchMap":{"0":{"loc":{"start":{"line":62,"column":12},"end":{"line":62,"column":72}},"type":"binary-expr","locations":[{"start":{"line":62,"column":12},"end":{"line":62,"column":38}},{"start":{"line":62,"column":42},"end":{"line":62,"column":72}}]},"1":{"loc":{"start":{"line":64,"column":11},"end":{"line":64,"column":41}},"type":"cond-expr","locations":[{"start":{"line":64,"column":20},"end":{"line":64,"column":29}},{"start":{"line":64,"column":32},"end":{"line":64,"column":41}}]}},"s":{"0":2,"1":2,"2":3,"3":1,"4":2,"5":1,"6":6,"7":1,"8":2,"9":2},"f":{"0":3,"1":1,"2":2,"3":1,"4":6},"b":{"0":[6,3],"1":[1,0]}}
,"/Users/chungminhtu/Desktop/jest-angular-14/src/app/hello.component.ts": {"path":"/Users/chungminhtu/Desktop/jest-angular-14/src/app/hello.component.ts","statementMap":{"0":{"start":{"line":1,"column":0},"end":{"line":1,"column":49}},"1":{"start":{"line":8,"column":13},"end":{"line":8,"column":null}},"2":{"start":{"line":8,"column":13},"end":{"line":8,"column":27}}},"fnMap":{},"branchMap":{},"s":{"0":1,"1":1,"2":1},"f":{},"b":{}}
,"/Users/chungminhtu/Desktop/jest-angular-14/tests/snapshotResolver.js": {"path":"/Users/chungminhtu/Desktop/jest-angular-14/tests/snapshotResolver.js","statementMap":{"0":{"start":{"line":1,"column":13},"end":{"line":1,"column":28}},"1":{"start":{"line":2,"column":16},"end":{"line":2,"column":45}},"2":{"start":{"line":3,"column":0},"end":{"line":17,"column":null}},"3":{"start":{"line":8,"column":4},"end":{"line":8,"column":null}},"4":{"start":{"line":13,"column":4},"end":{"line":15,"column":null}}},"fnMap":{"0":{"name":"(anonymous_0)","decl":{"start":{"line":7,"column":23},"end":{"line":7,"column":24}},"loc":{"start":{"line":7,"column":55},"end":{"line":9,"column":3}}},"1":{"name":"(anonymous_1)","decl":{"start":{"line":12,"column":19},"end":{"line":12,"column":20}},"loc":{"start":{"line":12,"column":59},"end":{"line":16,"column":3}}}},"branchMap":{},"s":{"0":4,"1":4,"2":4,"3":8,"4":4},"f":{"0":8,"1":4},"b":{}}
}
