TN:
SF:src/app/app.component.html
FNF:0
FNH:0
DA:1,1
LF:1
LH:1
BRF:0
BRH:0
end_of_record
TN:
SF:src/app/app.component.ts
FN:8,(anonymous_0)
FNF:1
FNH:1
FNDA:1,(anonymous_0)
DA:1,1
DA:8,1
DA:9,1
LF:3
LH:3
BRF:0
BRH:0
end_of_record
TN:
SF:src/app/flight-info.component.ts
FNF:0
FNH:0
DA:1,1
DA:19,1
LF:2
LH:2
BRF:0
BRH:0
end_of_record
TN:
SF:src/app/flight-list.service.ts
FN:6,(anonymous_0)
FN:7,(anonymous_1)
FN:54,(anonymous_2)
FN:60,(anonymous_3)
FN:62,(anonymous_4)
FNF:5
FNH:5
FNDA:3,(anonymous_0)
FNDA:1,(anonymous_1)
FNDA:2,(anonymous_2)
FNDA:1,(anonymous_3)
FNDA:6,(anonymous_4)
DA:1,2
DA:2,2
DA:5,2
DA:6,3
DA:8,1
DA:55,2
DA:61,1
DA:62,6
DA:64,1
LF:9
LH:9
BRDA:62,0,0,6
BRDA:62,0,1,3
BRDA:64,1,0,1
BRDA:64,1,1,0
BRF:4
BRH:3
end_of_record
TN:
SF:src/app/hello.component.ts
FNF:0
FNH:0
DA:1,1
DA:8,1
LF:2
LH:2
BRF:0
BRH:0
end_of_record
TN:
SF:tests/snapshotResolver.js
FN:7,(anonymous_0)
FN:12,(anonymous_1)
FNF:2
FNH:2
FNDA:8,(anonymous_0)
FNDA:4,(anonymous_1)
DA:1,4
DA:2,4
DA:3,4
DA:8,8
DA:13,4
LF:5
LH:5
BRF:0
BRH:0
end_of_record
